<?xml version="1.0" encoding="UTF-8"?>
<!-- Generated by org.testng.reporters.JUnitReportReporter -->
<testsuite skipped="0" hostname="LAPTOP-28J09CSL" name="config.ReadingConfigFiles" tests="2" failures="0" timestamp="2022-02-10T18:51:01 CST" time="11.982" errors="0">
  <testcase name="loginTest" time="5.334" classname="config.ReadingConfigFiles"/>
  <system-out/>
  <testcase name="AddContact" time="6.648" classname="config.ReadingConfigFiles"/>
  <system-out/>
</testsuite> <!-- config.ReadingConfigFiles -->
