<?xml version="1.0" encoding="UTF-8"?>
<!-- Generated by org.testng.reporters.JUnitReportReporter -->
<testsuite skipped="0" hostname="HomePC" name="variousConcepts.LearningTestNg" tests="1" failures="0" timestamp="2022-02-21T12:53:51 PST" time="5.845" errors="0">
  <testcase name="loginTest" time="5.845" classname="variousConcepts.LearningTestNg"/>
  <system-out/>
</testsuite> <!-- variousConcepts.LearningTestNg -->
