<?xml version="1.0" encoding="UTF-8"?>
<!-- Generated by org.testng.reporters.JUnitReportReporter -->
<testsuite skipped="0" hostname="HomePC" name="variousConcepts.LoginTestDifferentBrowser" tests="1" failures="0" timestamp="2022-02-21T12:54:11 PST" time="9.283" errors="0">
  <testcase name="loginTest" time="9.283" classname="variousConcepts.LoginTestDifferentBrowser"/>
  <system-out/>
</testsuite> <!-- variousConcepts.LoginTestDifferentBrowser -->
